<?xml version="1.0" encoding="UTF-8"?>
<!-- Generated by org.testng.reporters.JUnitXMLReporter -->
<testsuite ignored="0" hostname="Kunal" failures="1" tests="1" name="Test" time="3.262" errors="0" timestamp="2025-02-21T17:48:37 IST">
  <testcase classname="test.SwagLabLoginTest" name="UserIsAbleToLoginOrNot" time="0.385">
    <failure type="java.lang.AssertionError" message="expected [https://www.saucedemo.com/inventory.html] but found [https://www.saucedemo.com/]">
      <![CDATA[java.lang.AssertionError: expected [https://www.saucedemo.com/inventory.html] but found [https://www.saucedemo.com/]
at test.SwagLabLoginTest.UserIsAbleToLoginOrNot(SwagLabLoginTest.java:28)
at java.base/java.util.ArrayList.forEach(ArrayList.java:1597)
... Removed 31 stack frames]]>
    </failure>
  </testcase> <!-- UserIsAbleToLoginOrNot -->
</testsuite> <!-- Test -->
